<?xml version="1.0" encoding="UTF-8"?>
<!-- Generated by org.testng.reporters.JUnitReportReporter -->
<testsuite hostname="DESKTOP-E47BSIE" failures="0" tests="2" name="Testng.DemoTestng" time="0.437" errors="0" timestamp="2024-06-18T23:58:44 IST" skipped="0">
  <testcase classname="Testng.DemoTestng" name="TextBox1" time="0.206"/>
  <system-out/>
  <testcase classname="Testng.DemoTestng" name="TextBox" time="0.231"/>
  <system-out/>
</testsuite> <!-- Testng.DemoTestng -->
