<?xml version="1.0" encoding="UTF-8"?>
<!-- Generated by org.testng.reporters.JUnitReportReporter -->
<testsuite hostname="DESKTOP-E47BSIE" failures="0" tests="40" name="Testng.ParallelTest" time="0.310" errors="0" timestamp="24 Jun 2024 15:40:46 GMT">
  <testcase classname="Testng.ParallelTest" name="test16" time="0.010"/>
  <testcase classname="Testng.ParallelTest" name="test2" time="0.004"/>
  <testcase classname="Testng.ParallelTest" name="test37" time="0.005"/>
  <testcase classname="Testng.ParallelTest" name="test4" time="0.005"/>
  <testcase classname="Testng.ParallelTest" name="test19" time="0.008"/>
  <testcase classname="Testng.ParallelTest" name="test6" time="0.005"/>
  <testcase classname="Testng.ParallelTest" name="test29" time="0.005"/>
  <testcase classname="Testng.ParallelTest" name="test10" time="0.025"/>
  <testcase classname="Testng.ParallelTest" name="test34" time="0.006"/>
  <testcase classname="Testng.ParallelTest" name="test13" time="0.009"/>
  <testcase classname="Testng.ParallelTest" name="test3" time="0.005"/>
  <testcase classname="Testng.ParallelTest" name="test35" time="0.004"/>
  <testcase classname="Testng.ParallelTest" name="test17" time="0.008"/>
  <testcase classname="Testng.ParallelTest" name="test14" time="0.006"/>
  <testcase classname="Testng.ParallelTest" name="test31" time="0.004"/>
  <testcase classname="Testng.ParallelTest" name="test39" time="0.004"/>
  <testcase classname="Testng.ParallelTest" name="test23" time="0.002"/>
  <testcase classname="Testng.ParallelTest" name="test25" time="0.008"/>
  <testcase classname="Testng.ParallelTest" name="test15" time="0.003"/>
  <testcase classname="Testng.ParallelTest" name="test18" time="0.003"/>
  <testcase classname="Testng.ParallelTest" name="test21" time="0.008"/>
  <testcase classname="Testng.ParallelTest" name="test38" time="0.007"/>
  <testcase classname="Testng.ParallelTest" name="test30" time="0.006"/>
  <testcase classname="Testng.ParallelTest" name="test22" time="0.005"/>
  <testcase classname="Testng.ParallelTest" name="test24" time="0.010"/>
  <testcase classname="Testng.ParallelTest" name="test32" time="0.009"/>
  <testcase classname="Testng.ParallelTest" name="test28" time="0.006"/>
  <testcase classname="Testng.ParallelTest" name="test7" time="0.006"/>
  <testcase classname="Testng.ParallelTest" name="test12" time="0.025"/>
  <testcase classname="Testng.ParallelTest" name="test20" time="0.003"/>
  <testcase classname="Testng.ParallelTest" name="test11" time="0.026"/>
  <testcase classname="Testng.ParallelTest" name="test8" time="0.004"/>
  <testcase classname="Testng.ParallelTest" name="test40" time="0.005"/>
  <testcase classname="Testng.ParallelTest" name="test27" time="0.009"/>
  <testcase classname="Testng.ParallelTest" name="test33" time="0.005"/>
  <testcase classname="Testng.ParallelTest" name="test36" time="0.007"/>
  <testcase classname="Testng.ParallelTest" name="test9" time="0.005"/>
  <testcase classname="Testng.ParallelTest" name="test1" time="0.025"/>
  <testcase classname="Testng.ParallelTest" name="test5" time="0.007"/>
  <testcase classname="Testng.ParallelTest" name="test26" time="0.003"/>
</testsuite> <!-- Testng.ParallelTest -->
