<?xml version="1.0" encoding="UTF-8"?>
<!-- Generated by org.testng.reporters.JUnitReportReporter -->
<testsuite hostname="DESKTOP-E47BSIE" failures="0" tests="3" name="Testng.DependsOnMethods1" time="0.030" errors="0" timestamp="2024-06-19T11:57:24 IST" skipped="0">
  <testcase classname="Testng.DependsOnMethods1" name="Test3" time="0.003"/>
  <system-out/>
  <testcase classname="Testng.DependsOnMethods1" name="Test2" time="0.004"/>
  <system-out/>
  <testcase classname="Testng.DependsOnMethods1" name="Test1" time="0.023"/>
  <system-out/>
</testsuite> <!-- Testng.DependsOnMethods1 -->
