<?xml version="1.0" encoding="UTF-8"?>
<!-- Generated by org.testng.reporters.JUnitReportReporter -->
<testsuite hostname="DESKTOP-E47BSIE" failures="0" tests="1" name="Testng.Anotation" time="0.008" errors="0" timestamp="2024-06-19T09:00:15 IST" skipped="0">
  <testcase classname="Testng.Anotation" name="test1" time="0.008"/>
  <system-out/>
</testsuite> <!-- Testng.Anotation -->
