<?xml version="1.0" encoding="UTF-8"?>
<!-- Generated by org.testng.reporters.JUnitReportReporter -->
<testsuite hostname="DESKTOP-E47BSIE" failures="0" tests="3" name="Testng.Grouping" time="0.025" errors="0" timestamp="2024-06-20T09:02:19 IST" skipped="0">
  <testcase classname="Testng.Grouping" name="test3" time="0.003"/>
  <system-out/>
  <testcase classname="Testng.Grouping" name="test4" time="0.003"/>
  <system-out/>
  <testcase classname="Testng.Grouping" name="test1" time="0.019"/>
  <system-out/>
</testsuite> <!-- Testng.Grouping -->
