<?xml version="1.0" encoding="UTF-8"?>
<!-- Generated by org.testng.reporters.JUnitReportReporter -->
<testsuite hostname="DESKTOP-E47BSIE" failures="0" tests="1" name="Testng.LoginTest" time="0.521" errors="0" timestamp="2024-06-21T09:26:01 IST" skipped="0">
  <testcase classname="Testng.LoginTest" name="Login" time="0.521"/>
  <system-out/>
</testsuite> <!-- Testng.LoginTest -->
